{
    "numFailedTestSuites": 1,
    "numFailedTests": 1,
    "numPassedTestSuites": 2,
    "numPassedTests": 6,
    "numPendingTestSuites": 0,
    "numPendingTests": 0,
    "numRuntimeErrorTestSuites": 0,
    "numTodoTests": 0,
    "numTotalTestSuites": 3,
    "numTotalTests": 7,
    "openHandles": [],
    "snapshot": {
        "added": 0,
        "didUpdate": false,
        "failure": false,
        "filesAdded": 0,
        "filesRemoved": 0,
        "filesRemovedList": [],
        "filesUnmatched": 0,
        "filesUpdated": 0,
        "matched": 0,
        "total": 0,
        "unchecked": 0,
        "uncheckedKeysByFile": [],
        "unmatched": 0,
        "updated": 0
    },
    "startTime": 1779345220468,
    "success": false,
    "testResults": [
        {
            "assertionResults": [
                {
                    "ancestorTitles": ["validateAttendanceTime"],
                    "duration": 2,
                    "failing": false,
                    "failureDetails": [],
                    "failureMessages": [],
                    "fullName": "validateAttendanceTime checkOut null → hợp lệ (không bắt buộc)",
                    "invocations": 1,
                    "location": null,
                    "numPassingAsserts": 1,
                    "retryReasons": [],
                    "startAt": 1779345221125,
                    "status": "passed",
                    "title": "checkOut null → hợp lệ (không bắt buộc)"
                },
                {
                    "ancestorTitles": ["validateAttendanceTime"],
                    "duration": 0,
                    "failing": false,
                    "failureDetails": [],
                    "failureMessages": [],
                    "fullName": "validateAttendanceTime checkOut sau checkIn → hợp lệ",
                    "invocations": 1,
                    "location": null,
                    "numPassingAsserts": 1,
                    "retryReasons": [],
                    "startAt": 1779345221127,
                    "status": "passed",
                    "title": "checkOut sau checkIn → hợp lệ"
                },
                {
                    "ancestorTitles": ["validateAttendanceTime"],
                    "duration": 1,
                    "failing": false,
                    "failureDetails": [],
                    "failureMessages": [],
                    "fullName": "validateAttendanceTime checkOut trước checkIn → lỗi",
                    "invocations": 1,
                    "location": null,
                    "numPassingAsserts": 1,
                    "retryReasons": [],
                    "startAt": 1779345221127,
                    "status": "passed",
                    "title": "checkOut trước checkIn → lỗi"
                },
                {
                    "ancestorTitles": ["validateAttendanceTime"],
                    "duration": 0,
                    "failing": false,
                    "failureDetails": [],
                    "failureMessages": [],
                    "fullName": "validateAttendanceTime checkOut bằng checkIn → lỗi (dấu <= trong code)",
                    "invocations": 1,
                    "location": null,
                    "numPassingAsserts": 1,
                    "retryReasons": [],
                    "startAt": 1779345221128,
                    "status": "passed",
                    "title": "checkOut bằng checkIn → lỗi (dấu <= trong code)"
                }
            ],
            "endTime": 1779345221128,
            "message": "",
            "name": "/Users/macos/Projects/testhrweb/emp-kiosk-master/hr-web/__tests__/attendance-validation.test.ts",
            "startTime": 1779345220825,
            "status": "passed",
            "summary": ""
        },
        {
            "assertionResults": [
                {
                    "ancestorTitles": ["schema vs types validation"],
                    "duration": 1194,
                    "failing": false,
                    "failureDetails": [
                        {
                            "matcherResult": {
                                "message": "\u001b[2mexpect(\u001b[22m\u001b[31mreceived\u001b[39m\u001b[2m).\u001b[22mtoBeNull\u001b[2m()\u001b[22m\n\nReceived: \u001b[31m{\"code\": \"PGRST204\", \"details\": null, \"hint\": null, \"message\": \"Could not find the 'is_active' column of 'employees' in the schema cache\"}\u001b[39m",
                                "pass": false
                            }
                        }
                    ],
                    "failureMessages": [
                        "Error: \u001b[2mexpect(\u001b[22m\u001b[31mreceived\u001b[39m\u001b[2m).\u001b[22mtoBeNull\u001b[2m()\u001b[22m\n\nReceived: \u001b[31m{\"code\": \"PGRST204\", \"details\": null, \"hint\": null, \"message\": \"Could not find the 'is_active' column of 'employees' in the schema cache\"}\u001b[39m\n    at Object.<anonymous> (/Users/macos/Projects/testhrweb/emp-kiosk-master/hr-web/__tests__/schema-types.test.ts:27:19)\n    at processTicksAndRejections (node:internal/process/task_queues:103:5)"
                    ],
                    "fullName": "schema vs types validation employees table có column is_active như định nghĩa trong lib/types.ts",
                    "invocations": 1,
                    "location": null,
                    "numPassingAsserts": 0,
                    "retryReasons": [],
                    "startAt": 1779345221042,
                    "status": "failed",
                    "title": "employees table có column is_active như định nghĩa trong lib/types.ts"
                }
            ],
            "endTime": 1779345222260,
            "message": "\u001b[1m\u001b[31m  \u001b[1m● \u001b[22m\u001b[1mschema vs types validation › employees table có column is_active như định nghĩa trong lib/types.ts\u001b[39m\u001b[22m\n\n    \u001b[2mexpect(\u001b[22m\u001b[31mreceived\u001b[39m\u001b[2m).\u001b[22mtoBeNull\u001b[2m()\u001b[22m\n\n    Received: \u001b[31m{\"code\": \"PGRST204\", \"details\": null, \"hint\": null, \"message\": \"Could not find the 'is_active' column of 'employees' in the schema cache\"}\u001b[39m\n\u001b[2m\u001b[22m\n\u001b[2m    \u001b[0m \u001b[90m 25 |\u001b[39m\u001b[22m\n\u001b[2m     \u001b[90m 26 |\u001b[39m     \u001b[90m// Nếu error → column is_active không tồn tại trong DB → bug: types.ts sai với schema thật\u001b[39m\u001b[22m\n\u001b[2m    \u001b[31m\u001b[1m>\u001b[22m\u001b[2m\u001b[39m\u001b[90m 27 |\u001b[39m     expect(error)\u001b[33m.\u001b[39mtoBeNull()\u001b[22m\n\u001b[2m     \u001b[90m    |\u001b[39m                   \u001b[31m\u001b[1m^\u001b[22m\u001b[2m\u001b[39m\u001b[22m\n\u001b[2m     \u001b[90m 28 |\u001b[39m   })\u001b[22m\n\u001b[2m     \u001b[90m 29 |\u001b[39m })\u001b[22m\n\u001b[2m     \u001b[90m 30 |\u001b[39m\u001b[0m\u001b[22m\n\u001b[2m\u001b[22m\n\u001b[2m      \u001b[2mat Object.<anonymous> (\u001b[22m\u001b[2m\u001b[0m\u001b[36m__tests__/schema-types.test.ts\u001b[39m\u001b[0m\u001b[2m:27:19)\u001b[22m\u001b[2m\u001b[22m\n",
            "name": "/Users/macos/Projects/testhrweb/emp-kiosk-master/hr-web/__tests__/schema-types.test.ts",
            "startTime": 1779345220825,
            "status": "failed",
            "summary": ""
        },
        {
            "assertionResults": [
                {
                    "ancestorTitles": [
                        "attendance duplicate check (integration)"
                    ],
                    "duration": 284,
                    "failing": false,
                    "failureDetails": [],
                    "failureMessages": [],
                    "fullName": "attendance duplicate check (integration) insert lần 1 → thành công",
                    "invocations": 1,
                    "location": null,
                    "numPassingAsserts": 1,
                    "retryReasons": [],
                    "startAt": 1779345222532,
                    "status": "passed",
                    "title": "insert lần 1 → thành công"
                },
                {
                    "ancestorTitles": [
                        "attendance duplicate check (integration)"
                    ],
                    "duration": 148,
                    "failing": false,
                    "failureDetails": [],
                    "failureMessages": [],
                    "fullName": "attendance duplicate check (integration) insert lần 2 cùng employee + ngày → DB chặn duplicate",
                    "invocations": 1,
                    "location": null,
                    "numPassingAsserts": 1,
                    "retryReasons": [],
                    "startAt": 1779345222817,
                    "status": "passed",
                    "title": "insert lần 2 cùng employee + ngày → DB chặn duplicate"
                }
            ],
            "endTime": 1779345223196,
            "message": "",
            "name": "/Users/macos/Projects/testhrweb/emp-kiosk-master/hr-web/__tests__/attendance-duplicate.test.ts",
            "startTime": 1779345220825,
            "status": "passed",
            "summary": ""
        }
    ],
    "wasInterrupted": false,
    "coverageMap": {
        "/Users/macos/Projects/testhrweb/emp-kiosk-master/hr-web/lib/attendance-validation.ts": {
            "path": "/Users/macos/Projects/testhrweb/emp-kiosk-master/hr-web/lib/attendance-validation.ts",
            "statementMap": {
                "0": {
                    "start": { "line": 1, "column": 0 },
                    "end": { "line": 1, "column": 16 }
                },
                "1": {
                    "start": { "line": 5, "column": 2 },
                    "end": { "line": 5, "column": null }
                },
                "2": {
                    "start": { "line": 5, "column": 17 },
                    "end": { "line": 5, "column": null }
                },
                "3": {
                    "start": { "line": 6, "column": 2 },
                    "end": { "line": 8, "column": 3 }
                },
                "4": {
                    "start": { "line": 7, "column": 4 },
                    "end": { "line": 7, "column": null }
                },
                "5": {
                    "start": { "line": 9, "column": 2 },
                    "end": { "line": 9, "column": null }
                }
            },
            "fnMap": {
                "0": {
                    "name": "validateAttendanceTime",
                    "decl": {
                        "start": { "line": 1, "column": 16 },
                        "end": { "line": 1, "column": 38 }
                    },
                    "loc": {
                        "start": { "line": 3, "column": 25 },
                        "end": { "line": 10, "column": 1 }
                    }
                }
            },
            "branchMap": {
                "0": {
                    "loc": {
                        "start": { "line": 5, "column": 2 },
                        "end": { "line": 5, "column": null }
                    },
                    "type": "if",
                    "locations": [
                        {
                            "start": { "line": 5, "column": 2 },
                            "end": { "line": 5, "column": null }
                        },
                        { "start": {}, "end": {} }
                    ]
                },
                "1": {
                    "loc": {
                        "start": { "line": 6, "column": 2 },
                        "end": { "line": 8, "column": 3 }
                    },
                    "type": "if",
                    "locations": [
                        {
                            "start": { "line": 6, "column": 2 },
                            "end": { "line": 8, "column": 3 }
                        },
                        { "start": {}, "end": {} }
                    ]
                }
            },
            "s": { "0": 1, "1": 4, "2": 1, "3": 3, "4": 2, "5": 1 },
            "f": { "0": 4 },
            "b": { "0": [1, 3], "1": [2, 1] }
        }
    }
}
